#
# There is insufficient memory for the Java Runtime Environment to continue.
# Native memory allocation (mmap) failed to map 132120576 bytes for G1 virtual space
# Possible reasons:
#   The system is out of physical RAM or swap space
#   The process is running with CompressedOops enabled, and the Java Heap may be blocking the growth of the native heap
# Possible solutions:
#   Reduce memory load on the system
#   Increase physical memory or swap space
#   Check if swap backing store is full
#   Decrease Java heap size (-Xmx/-Xms)
#   Decrease number of Java threads
#   Decrease Java thread stack sizes (-Xss)
#   Set larger code cache with -XX:ReservedCodeCacheSize=
#   JVM is running with Unscaled Compressed Oops mode in which the Java heap is
#     placed in the first 4GB address space. The Java Heap base address is the
#     maximum limit for the native heap growth. Please use -XX:HeapBaseMinAddress
#     to set the Java Heap base and to place the Java Heap above 4GB virtual address.
# This output file may be truncated or incomplete.
#
#  Out of Memory Error (os_windows.cpp:3617), pid=3798416, tid=3407660
#
# JRE version:  (17.0.8.1+1) (build )
# Java VM: OpenJDK 64-Bit Server VM (17.0.8.1+1, mixed mode, emulated-client, sharing, tiered, compressed oops, compressed class ptrs, g1 gc, windows-amd64)
# No core dump will be written. Minidumps are not enabled by default on client versions of Windows
#

---------------  S U M M A R Y ------------

Command Line: -XX:TieredStopAtLevel=1 -Dspring.output.ansi.enabled=always -Dcom.sun.management.jmxremote -Dspring.jmx.enabled=true -Dspring.liveBeansView.mbeanDomain -Dspring.application.admin.enabled=true -Dmanagement.endpoints.jmx.exposure.include=* -javaagent:C:\Program Files\JetBrains\IntelliJ IDEA 2023.2.5\lib\idea_rt.jar=61589:C:\Program Files\JetBrains\IntelliJ IDEA 2023.2.5\bin -Dfile.encoding=UTF-8 -agentpath:C:\Program Files\Palo Alto Networks\Traps\cyjagent.dll com.example.demo.Demo1Application

Host: Intel(R) Core(TM) i5-10500 CPU @ 3.10GHz, 12 cores, 7G,  Windows 10 , 64 bit Build 19041 (10.0.19041.2913)
Time: Sun Mar 31 23:58:55 2024 Hora est. Pacífico, Sudamérica elapsed time: 0.632278 seconds (0d 0h 0m 0s)

---------------  T H R E A D  ---------------

Current thread (0x000002067fa285c0):  JavaThread "Unknown thread" [_thread_in_vm, id=3407660, stack(0x000000fa83400000,0x000000fa83500000)]

Stack: [0x000000fa83400000,0x000000fa83500000]
Native frames: (J=compiled Java code, j=interpreted, Vv=VM code, C=native code)
V  [jvm.dll+0x678b0a]
V  [jvm.dll+0x835e84]
V  [jvm.dll+0x83762e]
V  [jvm.dll+0x837c93]
V  [jvm.dll+0x24746f]
V  [jvm.dll+0x675859]
V  [jvm.dll+0x66a0ea]
V  [jvm.dll+0x306c7b]
V  [jvm.dll+0x30e166]
V  [jvm.dll+0x35dd3e]
V  [jvm.dll+0x35df6f]
V  [jvm.dll+0x2ddb48]
V  [jvm.dll+0x2deab4]
V  [jvm.dll+0x807f31]
V  [jvm.dll+0x36bb21]
V  [jvm.dll+0x7e733c]
V  [jvm.dll+0x3ee4af]
V  [jvm.dll+0x3f00c1]
C  [cyvrtrap.dll+0xf9b3]
C  [jli.dll+0x528b]
C  [ucrtbase.dll+0x21bb2]
C  [cyinjct.dll+0x11e7]
C  [KERNEL32.DLL+0x17614]
C  [ntdll.dll+0x526a1]


---------------  P R O C E S S  ---------------

Threads class SMR info:
_java_thread_list=0x00007ffcf83da018, length=0, elements={
}

Java Threads: ( => current thread )

Other Threads:
  0x000002067fa5ed00 GCTaskThread "GC Thread#0" [stack: 0x000000fa83500000,0x000000fa83600000] [id=3793220]
  0x000002060fc60fa0 ConcurrentGCThread "G1 Main Marker" [stack: 0x000000fa83600000,0x000000fa83700000] [id=3801072]
  0x000002060fc62800 ConcurrentGCThread "G1 Conc#0" [stack: 0x000000fa83700000,0x000000fa83800000] [id=3800132]

[error occurred during error reporting (printing all threads), id 0xc0000005, EXCEPTION_ACCESS_VIOLATION (0xc0000005) at pc=0x00007ffcf7bae587]

VM state: not at safepoint (not fully initialized)

VM Mutex/Monitor currently owned by a thread:  ([mutex/lock_event])
[0x000002067fa24280] Heap_lock - owner thread: 0x000002067fa285c0

Heap address: 0x0000000083800000, size: 1992 MB, Compressed Oops mode: 32-bit

CDS archive(s) mapped at: [0x0000000000000000-0x0000000000000000-0x0000000000000000), size 0, SharedBaseAddress: 0x0000000800000000, ArchiveRelocationMode: 1.
Narrow klass base: 0x0000000000000000, Narrow klass shift: 0, Narrow klass range: 0x0

GC Precious Log:
<Empty>

Heap:
 garbage-first heap   total 0K, used 0K [0x0000000083800000, 0x0000000100000000)
  region size 1024K, 0 young (0K), 0 survivors (0K)

[error occurred during error reporting (printing heap information), id 0xc0000005, EXCEPTION_ACCESS_VIOLATION (0xc0000005) at pc=0x00007ffcf7f92699]

GC Heap History (0 events):
No events

Dll operation events (1 events):
Event: 0.341 Loaded shared library C:\Program Files\Eclipse Adoptium\jdk-17.0.8.101-hotspot\bin\java.dll

Deoptimization events (0 events):
No events

Classes unloaded (0 events):
No events

Classes redefined (0 events):
No events

Internal exceptions (0 events):
No events

VM Operations (0 events):
No events

Events (0 events):
No events


Dynamic libraries:
0x00007ff686500000 - 0x00007ff68650e000 	C:\Program Files\Eclipse Adoptium\jdk-17.0.8.101-hotspot\bin\java.exe
0x00007ffd976f0000 - 0x00007ffd978e8000 	C:\windows\SYSTEM32\ntdll.dll
0x00007ffd97450000 - 0x00007ffd9750f000 	C:\windows\System32\KERNEL32.DLL
0x00007ffd97150000 - 0x00007ffd97446000 	C:\windows\System32\KERNELBASE.dll
0x0000000065d80000 - 0x0000000065e1e000 	C:\ProgramData\Symantec\Symantec Endpoint Protection\14.3.10148.8000.105\Data\Sysfer\x64\sysfer.dll
0x0000000079860000 - 0x000000007989b000 	C:\windows\System32\cyinjct.dll
0x00007ffd96fd0000 - 0x00007ffd96fdc000 	C:\windows\System32\ntnativeapi.dll
0x00007ffd81890000 - 0x00007ffd818a7000 	C:\Program Files\Eclipse Adoptium\jdk-17.0.8.101-hotspot\bin\jli.dll
0x000002067dce0000 - 0x000002067de7d000 	C:\windows\System32\USER32.dll
0x00007ffd94fa0000 - 0x00007ffd94fc2000 	C:\windows\System32\win32u.dll
0x00007ffd95bf0000 - 0x00007ffd95c1c000 	C:\windows\System32\GDI32.dll
0x00007ffd94e80000 - 0x00007ffd94f95000 	C:\windows\System32\gdi32full.dll
0x00007ffd94de0000 - 0x00007ffd94e7d000 	C:\windows\System32\msvcp_win.dll
0x000002067de80000 - 0x000002067df80000 	C:\windows\System32\ucrtbase.dll
0x00007ffd70920000 - 0x00007ffd70939000 	C:\Program Files\Eclipse Adoptium\jdk-17.0.8.101-hotspot\bin\VCRUNTIME140.dll
0x00007ffd6e760000 - 0x00007ffd6e9fa000 	C:\windows\WinSxS\amd64_microsoft.windows.common-controls_6595b64144ccf1df_6.0.19041.1110_none_60b5254171f9507e\COMCTL32.dll
0x00007ffd965e0000 - 0x00007ffd9667e000 	C:\windows\System32\msvcrt.dll
0x00007ffd96fb0000 - 0x00007ffd96fce000 	C:\windows\System32\cyvera.dll
0x00007ffd96f40000 - 0x00007ffd96fae000 	C:\windows\System32\cyvrtrap.dll
0x00007ffd95ba0000 - 0x00007ffd95bd0000 	C:\windows\System32\IMM32.DLL
0x00007ffd900a0000 - 0x00007ffd900ac000 	C:\Program Files\Eclipse Adoptium\jdk-17.0.8.101-hotspot\bin\vcruntime140_1.dll
0x00007ffd5f020000 - 0x00007ffd5f0b1000 	C:\Program Files\Eclipse Adoptium\jdk-17.0.8.101-hotspot\bin\msvcp140.dll
0x00007ffcf78c0000 - 0x00007ffcf850c000 	C:\Program Files\Eclipse Adoptium\jdk-17.0.8.101-hotspot\bin\server\jvm.dll
0x00007ffd95c80000 - 0x00007ffd95d2f000 	C:\windows\System32\ADVAPI32.dll
0x00007ffd96bf0000 - 0x00007ffd96c8c000 	C:\windows\System32\sechost.dll
0x00007ffd97020000 - 0x00007ffd97146000 	C:\windows\System32\RPCRT4.dll
0x00007ffd94b20000 - 0x00007ffd94b6b000 	C:\windows\SYSTEM32\POWRPROF.dll
0x00007ffd76390000 - 0x00007ffd76399000 	C:\windows\SYSTEM32\WSOCK32.dll
0x00007ffd96b80000 - 0x00007ffd96beb000 	C:\windows\System32\WS2_32.dll
0x00007ffd79d60000 - 0x00007ffd79d87000 	C:\windows\SYSTEM32\WINMM.dll
0x00007ffd8d340000 - 0x00007ffd8d34a000 	C:\windows\SYSTEM32\VERSION.dll
0x00007ffd94b00000 - 0x00007ffd94b12000 	C:\windows\SYSTEM32\UMPDC.dll
0x00007ffd929f0000 - 0x00007ffd92a02000 	C:\windows\SYSTEM32\kernel.appcore.dll
0x00007ffd81bc0000 - 0x00007ffd81bca000 	C:\Program Files\Eclipse Adoptium\jdk-17.0.8.101-hotspot\bin\jimage.dll
0x00007ffd79f20000 - 0x00007ffd7a104000 	C:\windows\SYSTEM32\DBGHELP.DLL
0x00007ffd76060000 - 0x00007ffd76094000 	C:\windows\SYSTEM32\dbgcore.DLL
0x00007ffd95180000 - 0x00007ffd95202000 	C:\windows\System32\bcryptPrimitives.dll
0x00007ffd63860000 - 0x00007ffd6386e000 	C:\Program Files\Eclipse Adoptium\jdk-17.0.8.101-hotspot\bin\instrument.dll
0x00007ffd663b0000 - 0x00007ffd663d5000 	C:\Program Files\Eclipse Adoptium\jdk-17.0.8.101-hotspot\bin\java.dll
0x00007ffd96f00000 - 0x00007ffd96f37000 	C:\Program Files\Palo Alto Networks\Traps\cyjagent.dll

dbghelp: loaded successfully - version: 4.0.5 - missing functions: none
symbol engine: initialized successfully - sym options: 0x614 - pdb path: .;C:\Program Files\Eclipse Adoptium\jdk-17.0.8.101-hotspot\bin;C:\windows\SYSTEM32;C:\ProgramData\Symantec\Symantec Endpoint Protection\14.3.10148.8000.105\Data\Sysfer\x64;C:\windows\WinSxS\amd64_microsoft.windows.common-controls_6595b64144ccf1df_6.0.19041.1110_none_60b5254171f9507e;C:\Program Files\Eclipse Adoptium\jdk-17.0.8.101-hotspot\bin\server;C:\Program Files\Palo Alto Networks\Traps

VM Arguments:
jvm_args: -XX:TieredStopAtLevel=1 -Dspring.output.ansi.enabled=always -Dcom.sun.management.jmxremote -Dspring.jmx.enabled=true -Dspring.liveBeansView.mbeanDomain -Dspring.application.admin.enabled=true -Dmanagement.endpoints.jmx.exposure.include=* -javaagent:C:\Program Files\JetBrains\IntelliJ IDEA 2023.2.5\lib\idea_rt.jar=61589:C:\Program Files\JetBrains\IntelliJ IDEA 2023.2.5\bin -Dfile.encoding=UTF-8 -agentpath:C:\Program Files\Palo Alto Networks\Traps\cyjagent.dll 
java_command: com.example.demo.Demo1Application
java_class_path (initial): C:\Users\lgsalgados\IdeaProjects\demo1\target\classes;C:\Users\lgsalgados\.m2\repository\org\springframework\boot\spring-boot-starter-oauth2-resource-server\3.1.5\spring-boot-starter-oauth2-resource-server-3.1.5.jar;C:\Users\lgsalgados\.m2\repository\org\springframework\boot\spring-boot-starter\3.1.5\spring-boot-starter-3.1.5.jar;C:\Users\lgsalgados\.m2\repository\org\springframework\boot\spring-boot\3.1.5\spring-boot-3.1.5.jar;C:\Users\lgsalgados\.m2\repository\org\springframework\boot\spring-boot-autoconfigure\3.1.5\spring-boot-autoconfigure-3.1.5.jar;C:\Users\lgsalgados\.m2\repository\org\springframework\boot\spring-boot-starter-logging\3.1.5\spring-boot-starter-logging-3.1.5.jar;C:\Users\lgsalgados\.m2\repository\ch\qos\logback\logback-classic\1.4.11\logback-classic-1.4.11.jar;C:\Users\lgsalgados\.m2\repository\ch\qos\logback\logback-core\1.4.11\logback-core-1.4.11.jar;C:\Users\lgsalgados\.m2\repository\org\apache\logging\log4j\log4j-to-slf4j\2.20.0\log4j-to-slf4j-2.20.0.jar;C:\Users\lgsalgados\.m2\repository\org\apache\logging\log4j\log4j-api\2.20.0\log4j-api-2.20.0.jar;C:\Users\lgsalgados\.m2\repository\org\slf4j\jul-to-slf4j\2.0.9\jul-to-slf4j-2.0.9.jar;C:\Users\lgsalgados\.m2\repository\jakarta\annotation\jakarta.annotation-api\2.1.1\jakarta.annotation-api-2.1.1.jar;C:\Users\lgsalgados\.m2\repository\org\yaml\snakeyaml\1.33\snakeyaml-1.33.jar;C:\Users\lgsalgados\.m2\repository\org\springframework\security\spring-security-config\6.1.5\spring-security-config-6.1.5.jar;C:\Users\lgsalgados\.m2\repository\org\springframework\spring-beans\6.0.13\spring-beans-6.0.13.jar;C:\Users\lgsalgados\.m2\repository\org\springframework\spring-context\6.0.13\spring-context-6.0.13.jar;C:\Users\lgsalgados\.m2\repository\org\springframework\security\spring-security-core\6.1.5\spring-security-core-6.1.5.jar;C:\Users\lgsalgados\.m2\repository\org\springframework\security\spring-security-crypto\6.1.5\spring-security-crypto-6.1.5.jar;C:\Users\lgsalgados\.m
Launcher Type: SUN_STANDARD

[Global flags]
     intx CICompilerCount                          = 4                                         {product} {ergonomic}
     uint ConcGCThreads                            = 3                                         {product} {ergonomic}
     uint G1ConcRefinementThreads                  = 10                                        {product} {ergonomic}
   size_t G1HeapRegionSize                         = 1048576                                   {product} {ergonomic}
    uintx GCDrainStackTargetSize                   = 64                                        {product} {ergonomic}
   size_t InitialHeapSize                          = 132120576                                 {product} {ergonomic}
     bool ManagementServer                         = true                                      {product} {command line}
   size_t MarkStackSize                            = 4194304                                   {product} {ergonomic}
   size_t MaxHeapSize                              = 2088763392                                {product} {ergonomic}
   size_t MinHeapDeltaBytes                        = 1048576                                   {product} {ergonomic}
   size_t MinHeapSize                              = 8388608                                   {product} {ergonomic}
    uintx NonProfiledCodeHeapSize                  = 0                                      {pd product} {ergonomic}
     bool ProfileInterpreter                       = false                                  {pd product} {command line}
    uintx ProfiledCodeHeapSize                     = 0                                      {pd product} {ergonomic}
   size_t SoftMaxHeapSize                          = 2088763392                             {manageable} {ergonomic}
     intx TieredStopAtLevel                        = 1                                         {product} {command line}
     bool UseCompressedClassPointers               = true                           {product lp64_product} {ergonomic}
     bool UseCompressedOops                        = true                           {product lp64_product} {ergonomic}
     bool UseG1GC                                  = true                                      {product} {ergonomic}
     bool UseLargePagesIndividualAllocation        = false                                  {pd product} {ergonomic}

Logging:
Log output configuration:
 #0: stdout all=warning uptime,level,tags
 #1: stderr all=off uptime,level,tags

Environment Variables:
JAVA_HOME=C:\Program Files\Java\jdk-17
PATH=C:\Program Files\Eclipse Adoptium\jdk-17.0.8.101-hotspot\bin;C:\Program Files\Common Files\Oracle\Java\javapath;C:\Program Files (x86)\Common Files\Oracle\Java\javapath;C:\Oracle\Administrador\product\11.2.0\client_1\bin;C:\orant\bin;C:\windows\system32;C:\windows;C:\windows\System32\Wbem;C:\windows\System32\WindowsPowerShell\v1.0\;C:\windows\System32\OpenSSH\;C:\orant\jdk\bin;C:\Program Files (x86)\Sennheiser\SenncomSDK\;C:\Program Files\PuTTY\;C:\xampp\php;C:\ProgramData\ComposerSetup\bin;C:\Program Files\Git\cmd;C:\Program Files\nodejs\;C:\Program Files\Java\jdk-17\bin;C:\Users\lgsalgados\AppData\Local\Microsoft\WindowsApps;C:\apache-maven-3.9.4\bin;;C:\Program Files\JetBrains\PhpStorm 2023.2.3\bin;;C:\Users\lgsalgados\AppData\Roaming\Composer\vendor\bin;C:\Program Files\JetBrains\IntelliJ IDEA 2023.2.5\bin;;C:\Program Files\JetBrains\WebStorm 2023.3.2\bin;;C:\Users\lgsalgados\AppData\Roaming\npm
USERNAME=lgsalgados
OS=Windows_NT
PROCESSOR_IDENTIFIER=Intel64 Family 6 Model 165 Stepping 3, GenuineIntel
TMP=C:\Users\LGSALG~1\AppData\Local\Temp
TEMP=C:\Users\LGSALG~1\AppData\Local\Temp



---------------  S Y S T E M  ---------------

OS:
 Windows 10 , 64 bit Build 19041 (10.0.19041.2913)
OS uptime: 11 days 8:06 hours

CPU: total 12 (initial active 12) (6 cores per cpu, 2 threads per core) family 6 model 165 stepping 3 microcode 0xe0, cx8, cmov, fxsr, ht, mmx, 3dnowpref, sse, sse2, sse3, ssse3, sse4.1, sse4.2, popcnt, lzcnt, tsc, tscinvbit, avx, avx2, aes, erms, clmul, bmi1, bmi2, adx, fma, vzeroupper, clflush, clflushopt
Processor Information for all 12 processors :
  Max Mhz: 3096, Current Mhz: 3096, Mhz Limit: 3096

Memory: 4k page, system-wide physical 7967M (8M free)
TotalPageFile size 32543M (AvailPageFile size 79M)
current process WorkingSet (physical memory assigned to process): 10M, peak: 11M
current process commit charge ("private bytes"): 63M, peak: 189M

vm_info: OpenJDK 64-Bit Server VM (17.0.8.1+1) for windows-amd64 JRE (17.0.8.1+1), built on Aug 23 2023 15:29:17 by "admin" with MS VC++ 16.7 (VS2019)

END.
